Using pre-set license
Built from '2021.3/staging' branch; Version is '2021.3.5f1 (40eb3a945986) revision 4254522'; Using compiler version '192829333'; Build Type 'Release'
OS: 'Windows 10  (10.0.19044) 64bit Core' Language: 'en' Physical Memory: 16303 MB
BatchMode: 1, IsHumanControllingUs: 0, StartBugReporterOnCrash: 0, Is64bit: 1, IsPro: 1

COMMAND LINE ARGUMENTS:
D:\Programs\Unity\2021.3.5f1\Editor\Unity.exe
-adb2
-batchMode
-noUpm
-name
AssetImportWorker0
-projectPath
D:/Work/Unity/EscapeTheIsle3D/EscapeTheIsle3D
-logFile
Logs/AssetImportWorker0.log
-srvPort
54117
Successfully changed project path to: D:/Work/Unity/EscapeTheIsle3D/EscapeTheIsle3D
D:/Work/Unity/EscapeTheIsle3D/EscapeTheIsle3D
[UnityMemory] Configuration Parameters - Can be set up in boot.config
    "memorysetup-bucket-allocator-granularity=16"
    "memorysetup-bucket-allocator-bucket-count=8"
    "memorysetup-bucket-allocator-block-size=33554432"
    "memorysetup-bucket-allocator-block-count=8"
    "memorysetup-main-allocator-block-size=16777216"
    "memorysetup-thread-allocator-block-size=16777216"
    "memorysetup-gfx-main-allocator-block-size=16777216"
    "memorysetup-gfx-thread-allocator-block-size=16777216"
    "memorysetup-cache-allocator-block-size=4194304"
    "memorysetup-typetree-allocator-block-size=2097152"
    "memorysetup-profiler-bucket-allocator-granularity=16"
    "memorysetup-profiler-bucket-allocator-bucket-count=8"
    "memorysetup-profiler-bucket-allocator-block-size=33554432"
    "memorysetup-profiler-bucket-allocator-block-count=8"
    "memorysetup-profiler-allocator-block-size=16777216"
    "memorysetup-profiler-editor-allocator-block-size=1048576"
    "memorysetup-temp-allocator-size-main=16777216"
    "memorysetup-job-temp-allocator-block-size=2097152"
    "memorysetup-job-temp-allocator-block-size-background=1048576"
    "memorysetup-job-temp-allocator-reduction-small-platforms=262144"
    "memorysetup-temp-allocator-size-background-worker=32768"
    "memorysetup-temp-allocator-size-job-worker=262144"
    "memorysetup-temp-allocator-size-preload-manager=33554432"
    "memorysetup-temp-allocator-size-nav-mesh-worker=65536"
    "memorysetup-temp-allocator-size-audio-worker=65536"
    "memorysetup-temp-allocator-size-cloud-worker=32768"
    "memorysetup-temp-allocator-size-gi-baking-worker=262144"
    "memorysetup-temp-allocator-size-gfx=262144"
Refreshing native plugins compatible for Editor in 121.70 ms, found 4 plugins.
Preloading 0 native plugins for Editor in 0.00 ms.
Initialize engine version: 2021.3.5f1 (40eb3a945986)
[Subsystems] Discovering subsystems at path D:/Programs/Unity/2021.3.5f1/Editor/Data/Resources/UnitySubsystems
[Subsystems] Discovering subsystems at path D:/Work/Unity/EscapeTheIsle3D/EscapeTheIsle3D/Assets
GfxDevice: creating device client; threaded=0; jobified=0
Direct3D:
    Version:  Direct3D 11.0 [level 11.1]
    Renderer: NVIDIA GeForce RTX 2060 (ID=0x1f51)
    Vendor:   NVIDIA
    VRAM:     5980 MB
    Driver:   30.0.15.1179
Initialize mono
Mono path[0] = 'D:/Programs/Unity/2021.3.5f1/Editor/Data/Managed'
Mono path[1] = 'D:/Programs/Unity/2021.3.5f1/Editor/Data/MonoBleedingEdge/lib/mono/unityjit-win32'
Mono config path = 'D:/Programs/Unity/2021.3.5f1/Editor/Data/MonoBleedingEdge/etc'
Using monoOptions --debugger-agent=transport=dt_socket,embedding=1,server=y,suspend=n,address=127.0.0.1:56328
Begin MonoManager ReloadAssembly
Registering precompiled unity dll's ...
Register platform support module: D:/Programs/Unity/2021.3.5f1/Editor/Data/PlaybackEngines/AndroidPlayer/UnityEditor.Android.Extensions.dll
Register platform support module: D:/Programs/Unity/2021.3.5f1/Editor/Data/PlaybackEngines/WindowsStandaloneSupport/UnityEditor.WindowsStandalone.Extensions.dll
Register platform support module: D:/Programs/Unity/2021.3.5f1/Editor/Data/PlaybackEngines/MetroSupport/UnityEditor.UWP.Extensions.dll
Registered in 0.003852 seconds.
Native extension for UWP target not found
Native extension for WindowsStandalone target not found
Native extension for Android target not found
Refreshing native plugins compatible for Editor in 207.72 ms, found 4 plugins.
Preloading 0 native plugins for Editor in 0.00 ms.
Mono: successfully reloaded assembly
- Completed reload, in  1.601 seconds
Domain Reload Profiling:
	ReloadAssembly (1603ms)
		BeginReloadAssembly (240ms)
			ExecutionOrderSort (0ms)
			DisableScriptedObjects (0ms)
			BackupInstance (0ms)
			ReleaseScriptingObjects (0ms)
			CreateAndSetChildDomain (1ms)
		EndReloadAssembly (1028ms)
			LoadAssemblies (240ms)
			RebuildTransferFunctionScriptingTraits (0ms)
			SetupTypeCache (311ms)
			ReleaseScriptCaches (0ms)
			RebuildScriptCaches (81ms)
			SetupLoadedEditorAssemblies (543ms)
				LogAssemblyErrors (0ms)
				InitializePlatformSupportModulesInManaged (75ms)
				SetLoadedEditorAssemblies (0ms)
				RefreshPlugins (208ms)
				BeforeProcessingInitializeOnLoad (2ms)
				ProcessInitializeOnLoadAttributes (173ms)
				ProcessInitializeOnLoadMethodAttributes (85ms)
				AfterProcessingInitializeOnLoad (0ms)
				EditorAssembliesLoaded (0ms)
			ExecutionOrderSort2 (0ms)
			AwakeInstancesAfterBackupRestoration (0ms)
Platform modules already initialized, skipping
Registering precompiled user dll's ...
Registered in 0.008554 seconds.
Begin MonoManager ReloadAssembly
Symbol file LoadedFromMemory doesn't match image D:\Work\Unity\EscapeTheIsle3D\EscapeTheIsle3D\Library\PackageCache\com.unity.visualscripting@1.7.8\Editor\VisualScripting.Core\Dependencies\YamlDotNet\Unity.VisualScripting.YamlDotNet.dll
Symbol file LoadedFromMemory doesn't match image D:\Work\Unity\EscapeTheIsle3D\EscapeTheIsle3D\Library\PackageCache\com.unity.visualscripting@1.7.8\Editor\VisualScripting.Core\Dependencies\DotNetZip\Unity.VisualScripting.IonicZip.dll
Native extension for UWP target not found
Native extension for WindowsStandalone target not found
Native extension for Android target not found
Refreshing native plugins compatible for Editor in 118.65 ms, found 4 plugins.
Preloading 0 native plugins for Editor in 0.00 ms.
Mono: successfully reloaded assembly
- Completed reload, in  1.927 seconds
Domain Reload Profiling:
	ReloadAssembly (1928ms)
		BeginReloadAssembly (244ms)
			ExecutionOrderSort (0ms)
			DisableScriptedObjects (8ms)
			BackupInstance (0ms)
			ReleaseScriptingObjects (0ms)
			CreateAndSetChildDomain (126ms)
		EndReloadAssembly (1514ms)
			LoadAssemblies (158ms)
			RebuildTransferFunctionScriptingTraits (0ms)
			SetupTypeCache (395ms)
			ReleaseScriptCaches (1ms)
			RebuildScriptCaches (82ms)
			SetupLoadedEditorAssemblies (813ms)
				LogAssemblyErrors (0ms)
				InitializePlatformSupportModulesInManaged (15ms)
				SetLoadedEditorAssemblies (0ms)
				RefreshPlugins (119ms)
				BeforeProcessingInitializeOnLoad (153ms)
				ProcessInitializeOnLoadAttributes (391ms)
				ProcessInitializeOnLoadMethodAttributes (130ms)
				AfterProcessingInitializeOnLoad (4ms)
				EditorAssembliesLoaded (0ms)
			ExecutionOrderSort2 (0ms)
			AwakeInstancesAfterBackupRestoration (6ms)
Platform modules already initialized, skipping
========================================================================
Worker process is ready to serve import requests
Launched and connected shader compiler UnityShaderCompiler.exe after 0.10 seconds
Refreshing native plugins compatible for Editor in 1.19 ms, found 4 plugins.
Preloading 0 native plugins for Editor in 0.00 ms.
Unloading 4378 Unused Serialized files (Serialized files now loaded: 0)
Unloading 43 unused Assets / (397.9 KB). Loaded Objects now: 4823.
Memory consumption went from 151.9 MB to 151.5 MB.
Total: 4.366300 ms (FindLiveObjects: 0.595300 ms CreateObjectMapping: 0.511600 ms MarkObjects: 3.017500 ms  DeleteObjects: 0.239800 ms)

AssetImportParameters requested are different than current active one (requested -> active):
  custom:video-decoder-ogg-theora: a1e56fd34408186e4bbccfd4996cb3dc -> 
  custom:container-muxer-webm: aa71ff27fc2769a1b78a27578f13a17b -> 
  custom:container-demuxer-webm: 4f35f7cbe854078d1ac9338744f61a02 -> 
  custom:video-encoder-webm-vp8: eb34c28f22e8b96e1ab97ce403110664 -> 
  custom:audio-encoder-webm-vorbis: bf7c407c2cedff20999df2af8eb42d56 -> 
  custom:framework-win-MediaFoundation: 216162199b28c13a410421893ffa2e32 -> 
  custom:container-demuxer-ogg: 62fdf1f143b41e24485cea50d1cbac27 -> 
  custom:video-decoder-webm-vp8: 9c59270c3fd7afecdb556c50c9e8de78 -> 
  custom:audio-decoder-ogg-vorbis: bf7c407c2cedff20999df2af8eb42d56 -> 
========================================================================
Received Import Request.
  Time since last request: 840755.598051 seconds.
  path: Assets/FastNoise Unity/FastNoise/Documentation.rtf
  artifactKey: Guid(9085ec9b1422a1c43ae16f0a74f1efab) Importer(815301076,1909f56bfc062723c751e8b465ee728b)
Start importing Assets/FastNoise Unity/FastNoise/Documentation.rtf using Guid(9085ec9b1422a1c43ae16f0a74f1efab) Importer(815301076,1909f56bfc062723c751e8b465ee728b)  -> (artifact id: '21328f70f18a875be489f67edc55109a') in 0.042111 seconds 
========================================================================
Received Import Request.
  Time since last request: 0.313847 seconds.
  path: Assets/FastNoise Unity/FastNoise/Editor/FastNoiseUnityEditor.cs
  artifactKey: Guid(73954c5ce531e8c48b1f20587bb0c3ef) Importer(815301076,1909f56bfc062723c751e8b465ee728b)
Start importing Assets/FastNoise Unity/FastNoise/Editor/FastNoiseUnityEditor.cs using Guid(73954c5ce531e8c48b1f20587bb0c3ef) Importer(815301076,1909f56bfc062723c751e8b465ee728b)  -> (artifact id: 'e323ae5fc7818886815ab1fe05bf826f') in 0.012503 seconds 
========================================================================
Received Import Request.
  Time since last request: 0.843944 seconds.
  path: Assets/FastNoise Unity/FastNoise/Editor/FastNoiseMeshWarpEditor.cs
  artifactKey: Guid(c37e87cee12de2744a2d94a4a760a2ed) Importer(815301076,1909f56bfc062723c751e8b465ee728b)
Start importing Assets/FastNoise Unity/FastNoise/Editor/FastNoiseMeshWarpEditor.cs using Guid(c37e87cee12de2744a2d94a4a760a2ed) Importer(815301076,1909f56bfc062723c751e8b465ee728b)  -> (artifact id: 'a2711d5c0c5f74dce70686391c818fa0') in 0.005267 seconds 
========================================================================
Received Import Request.
  Time since last request: 4.735832 seconds.
  path: Assets/FastNoise Unity/Voxel Engine
  artifactKey: Guid(1eaadc20e4e78254d8f09956a28c46db) Importer(815301076,1909f56bfc062723c751e8b465ee728b)
Start importing Assets/FastNoise Unity/Voxel Engine using Guid(1eaadc20e4e78254d8f09956a28c46db) Importer(815301076,1909f56bfc062723c751e8b465ee728b)  -> (artifact id: 'aac309309db66569fbf9a3666f6c08cd') in 0.006355 seconds 
========================================================================
Received Import Request.
  Time since last request: 0.492468 seconds.
  path: Assets/FastNoise Unity/FastNoise SIMD
  artifactKey: Guid(d26bddddcbb275e49959e521783f4dcc) Importer(815301076,1909f56bfc062723c751e8b465ee728b)
Start importing Assets/FastNoise Unity/FastNoise SIMD using Guid(d26bddddcbb275e49959e521783f4dcc) Importer(815301076,1909f56bfc062723c751e8b465ee728b)  -> (artifact id: '8835cc215b1670d442dc2d09eda25916') in 0.005325 seconds 
========================================================================
Received Import Request.
  Time since last request: 3.140200 seconds.
  path: Assets/FastNoise Unity/FastNoise SIMD/Documentation.rtf
  artifactKey: Guid(09ab7346e1ce432469e2689d818ad9e7) Importer(815301076,1909f56bfc062723c751e8b465ee728b)
Start importing Assets/FastNoise Unity/FastNoise SIMD/Documentation.rtf using Guid(09ab7346e1ce432469e2689d818ad9e7) Importer(815301076,1909f56bfc062723c751e8b465ee728b)  -> (artifact id: '54ab604e3c7e829796c4a791e00cbf5f') in 0.002734 seconds 
========================================================================
Received Import Request.
  Time since last request: 20.921854 seconds.
  path: Assets/FastNoise Unity/FastNoise SIMD/~$cumentation.rtf
  artifactKey: Guid(9d99a4e4146c4ca4095e451dea612c35) Importer(815301076,1909f56bfc062723c751e8b465ee728b)
Start importing Assets/FastNoise Unity/FastNoise SIMD/~$cumentation.rtf using Guid(9d99a4e4146c4ca4095e451dea612c35) Importer(815301076,1909f56bfc062723c751e8b465ee728b)  -> (artifact id: '5ce4925f4ba316b52fad2e575f8018a7') in 0.007049 seconds 
========================================================================
Received Import Request.
  Time since last request: 43.128057 seconds.
  path: Assets/FastNoise Unity/Demo Scenes
  artifactKey: Guid(93a742b188d2b90439a939bc28d234b1) Importer(815301076,1909f56bfc062723c751e8b465ee728b)
Start importing Assets/FastNoise Unity/Demo Scenes using Guid(93a742b188d2b90439a939bc28d234b1) Importer(815301076,1909f56bfc062723c751e8b465ee728b)  -> (artifact id: '82e82a632c96ac8c52af8af5ada7acfe') in 0.006622 seconds 
========================================================================
Received Import Request.
  Time since last request: 1.575405 seconds.
  path: Assets/FastNoise Unity/Demo Scenes/Mesh Warp.unity
  artifactKey: Guid(7b118c6a7f126f44993b265e18efde6f) Importer(815301076,1909f56bfc062723c751e8b465ee728b)
Start importing Assets/FastNoise Unity/Demo Scenes/Mesh Warp.unity using Guid(7b118c6a7f126f44993b265e18efde6f) Importer(815301076,1909f56bfc062723c751e8b465ee728b)  -> (artifact id: '225532993d28d525aeef91cb357bf761') in 0.007057 seconds 
========================================================================
Received Import Request.
  Time since last request: 3.677177 seconds.
  path: Assets/FastNoise Unity/Demo Scenes/Misc
  artifactKey: Guid(05c927c721afa074bb89e8227868dd48) Importer(815301076,1909f56bfc062723c751e8b465ee728b)
Start importing Assets/FastNoise Unity/Demo Scenes/Misc using Guid(05c927c721afa074bb89e8227868dd48) Importer(815301076,1909f56bfc062723c751e8b465ee728b)  -> (artifact id: '99201a1f22f7c8a74d7b9f770af92173') in 0.004753 seconds 
========================================================================
Received Import Request.
  Time since last request: 3.540616 seconds.
  path: Assets/FastNoise Unity/Demo Scenes/Voxel Terrain.unity
  artifactKey: Guid(dd196adfa216da84f8283972ce795f4e) Importer(815301076,1909f56bfc062723c751e8b465ee728b)
Start importing Assets/FastNoise Unity/Demo Scenes/Voxel Terrain.unity using Guid(dd196adfa216da84f8283972ce795f4e) Importer(815301076,1909f56bfc062723c751e8b465ee728b)  -> (artifact id: 'ba7c5fee58f8c943cdc6f0729a50c4ad') in 0.005134 seconds 
========================================================================
Received Prepare
Registering precompiled user dll's ...
Registered in 0.004387 seconds.
Begin MonoManager ReloadAssembly
Symbol file LoadedFromMemory doesn't match image D:\Work\Unity\EscapeTheIsle3D\EscapeTheIsle3D\Library\PackageCache\com.unity.visualscripting@1.7.8\Editor\VisualScripting.Core\Dependencies\YamlDotNet\Unity.VisualScripting.YamlDotNet.dll
Symbol file LoadedFromMemory doesn't match image D:\Work\Unity\EscapeTheIsle3D\EscapeTheIsle3D\Library\PackageCache\com.unity.visualscripting@1.7.8\Editor\VisualScripting.Core\Dependencies\DotNetZip\Unity.VisualScripting.IonicZip.dll
Native extension for UWP target not found
Native extension for WindowsStandalone target not found
Native extension for Android target not found
Refreshing native plugins compatible for Editor in 0.80 ms, found 4 plugins.
Preloading 0 native plugins for Editor in 0.00 ms.
Mono: successfully reloaded assembly
- Completed reload, in  1.220 seconds
Domain Reload Profiling:
	ReloadAssembly (1220ms)
		BeginReloadAssembly (145ms)
			ExecutionOrderSort (0ms)
			DisableScriptedObjects (8ms)
			BackupInstance (0ms)
			ReleaseScriptingObjects (0ms)
			CreateAndSetChildDomain (44ms)
		EndReloadAssembly (976ms)
			LoadAssemblies (86ms)
			RebuildTransferFunctionScriptingTraits (0ms)
			SetupTypeCache (348ms)
			ReleaseScriptCaches (2ms)
			RebuildScriptCaches (50ms)
			SetupLoadedEditorAssemblies (448ms)
				LogAssemblyErrors (0ms)
				InitializePlatformSupportModulesInManaged (20ms)
				SetLoadedEditorAssemblies (0ms)
				RefreshPlugins (1ms)
				BeforeProcessingInitializeOnLoad (89ms)
				ProcessInitializeOnLoadAttributes (256ms)
				ProcessInitializeOnLoadMethodAttributes (78ms)
				AfterProcessingInitializeOnLoad (3ms)
				EditorAssembliesLoaded (0ms)
			ExecutionOrderSort2 (0ms)
			AwakeInstancesAfterBackupRestoration (6ms)
Platform modules already initialized, skipping
Refreshing native plugins compatible for Editor in 3.05 ms, found 4 plugins.
Preloading 0 native plugins for Editor in 0.00 ms.
Unloading 4362 Unused Serialized files (Serialized files now loaded: 0)
Unloading 36 unused Assets / (366.1 KB). Loaded Objects now: 4826.
Memory consumption went from 150.8 MB to 150.5 MB.
Total: 4.018600 ms (FindLiveObjects: 0.365900 ms CreateObjectMapping: 0.279600 ms MarkObjects: 3.231800 ms  DeleteObjects: 0.140300 ms)

AssetImportParameters requested are different than current active one (requested -> active):
  custom:video-decoder-ogg-theora: a1e56fd34408186e4bbccfd4996cb3dc -> 
  custom:container-muxer-webm: aa71ff27fc2769a1b78a27578f13a17b -> 
  custom:container-demuxer-webm: 4f35f7cbe854078d1ac9338744f61a02 -> 
  custom:video-encoder-webm-vp8: eb34c28f22e8b96e1ab97ce403110664 -> 
  custom:audio-encoder-webm-vorbis: bf7c407c2cedff20999df2af8eb42d56 -> 
  custom:framework-win-MediaFoundation: 216162199b28c13a410421893ffa2e32 -> 
  custom:container-demuxer-ogg: 62fdf1f143b41e24485cea50d1cbac27 -> 
  custom:video-decoder-webm-vp8: 9c59270c3fd7afecdb556c50c9e8de78 -> 
  custom:audio-decoder-ogg-vorbis: bf7c407c2cedff20999df2af8eb42d56 -> 
========================================================================
Received Import Request.
  Time since last request: 73.993921 seconds.
  path: Assets/FastNoise Unity/Voxel Engine/TerrainGenerators
  artifactKey: Guid(b19cf1d597fcea5428186ff2ee1301f0) Importer(815301076,1909f56bfc062723c751e8b465ee728b)
Start importing Assets/FastNoise Unity/Voxel Engine/TerrainGenerators using Guid(b19cf1d597fcea5428186ff2ee1301f0) Importer(815301076,1909f56bfc062723c751e8b465ee728b)  -> (artifact id: '91982000d995341f8087d6385d33db03') in 0.012567 seconds 
========================================================================
Received Import Request.
  Time since last request: 1.340397 seconds.
  path: Assets/FastNoise Unity/Voxel Engine/TerrainGenerators/TerrainGenerator_CrackedSurface.cs
  artifactKey: Guid(51dd6a9ba54ced74ea9d0f72f25c3b80) Importer(815301076,1909f56bfc062723c751e8b465ee728b)
Start importing Assets/FastNoise Unity/Voxel Engine/TerrainGenerators/TerrainGenerator_CrackedSurface.cs using Guid(51dd6a9ba54ced74ea9d0f72f25c3b80) Importer(815301076,1909f56bfc062723c751e8b465ee728b)  -> (artifact id: '5ccac2389842f9954ade23fbbbc0c80c') in 0.005196 seconds 
========================================================================
Received Import Request.
  Time since last request: 1.550220 seconds.
  path: Assets/FastNoise Unity/Voxel Engine/TerrainGenerators/TerrainGenerator_AlienPlanet.cs
  artifactKey: Guid(c70d4d8ce57d29644980099587d33d1b) Importer(815301076,1909f56bfc062723c751e8b465ee728b)
Start importing Assets/FastNoise Unity/Voxel Engine/TerrainGenerators/TerrainGenerator_AlienPlanet.cs using Guid(c70d4d8ce57d29644980099587d33d1b) Importer(815301076,1909f56bfc062723c751e8b465ee728b)  -> (artifact id: '6063f2596aad2b8af122b57cb950ea20') in 0.014240 seconds 
========================================================================
Received Import Request.
  Time since last request: 1.308949 seconds.
  path: Assets/FastNoise Unity/Voxel Engine/TerrainGenerators/TerrainGeneratorSIMD_FloatingIslands.cs
  artifactKey: Guid(1fc9bd4799f0dc546923ead4e0fec52e) Importer(815301076,1909f56bfc062723c751e8b465ee728b)
Start importing Assets/FastNoise Unity/Voxel Engine/TerrainGenerators/TerrainGeneratorSIMD_FloatingIslands.cs using Guid(1fc9bd4799f0dc546923ead4e0fec52e) Importer(815301076,1909f56bfc062723c751e8b465ee728b)  -> (artifact id: 'ce114f8a0318e43792211e92354e1410') in 0.013839 seconds 
========================================================================
Received Import Request.
  Time since last request: 0.490572 seconds.
  path: Assets/FastNoise Unity/Voxel Engine/TerrainGenerators/TerrainGeneratorSIMD_Desert.cs
  artifactKey: Guid(a17a260709ce0454fa6016f940408e4f) Importer(815301076,1909f56bfc062723c751e8b465ee728b)
Start importing Assets/FastNoise Unity/Voxel Engine/TerrainGenerators/TerrainGeneratorSIMD_Desert.cs using Guid(a17a260709ce0454fa6016f940408e4f) Importer(815301076,1909f56bfc062723c751e8b465ee728b)  -> (artifact id: '55b9cb00ef4c3a89c1525fa532649b75') in 0.014053 seconds 
========================================================================
Received Import Request.
  Time since last request: 0.515477 seconds.
  path: Assets/FastNoise Unity/Voxel Engine/TerrainGenerators/TerrainGeneratorSIMD_Caves.cs
  artifactKey: Guid(e3d544a8f97afb74fa7511402afc2703) Importer(815301076,1909f56bfc062723c751e8b465ee728b)
Start importing Assets/FastNoise Unity/Voxel Engine/TerrainGenerators/TerrainGeneratorSIMD_Caves.cs using Guid(e3d544a8f97afb74fa7511402afc2703) Importer(815301076,1909f56bfc062723c751e8b465ee728b)  -> (artifact id: '16d3c9d7391235546d78080f6204f48f') in 0.005121 seconds 
========================================================================
Received Import Request.
  Time since last request: 2.563253 seconds.
  path: Assets/FastNoise Unity/Voxel Engine/VoxelEngineManager.cs
  artifactKey: Guid(84bc4116c6e867f49b870936045044d3) Importer(815301076,1909f56bfc062723c751e8b465ee728b)
Start importing Assets/FastNoise Unity/Voxel Engine/VoxelEngineManager.cs using Guid(84bc4116c6e867f49b870936045044d3) Importer(815301076,1909f56bfc062723c751e8b465ee728b)  -> (artifact id: '694631ebbf67df2130ea13ee4374c5cf') in 0.006005 seconds 
========================================================================
Received Import Request.
  Time since last request: 2.436483 seconds.
  path: Assets/FastNoise Unity/Voxel Engine/Voxel.cs
  artifactKey: Guid(470d5980c9bec984cb2c711257a21e98) Importer(815301076,1909f56bfc062723c751e8b465ee728b)
Start importing Assets/FastNoise Unity/Voxel Engine/Voxel.cs using Guid(470d5980c9bec984cb2c711257a21e98) Importer(815301076,1909f56bfc062723c751e8b465ee728b)  -> (artifact id: '62c76169332bdeec91ebfd38adacb88a') in 0.013338 seconds 
========================================================================
Received Import Request.
  Time since last request: 7.315673 seconds.
  path: Assets/FastNoise Unity/FastNoise/FastNoiseMeshWarp.cs
  artifactKey: Guid(30f05adc8d70f9b4e8a058b6c1c8aae8) Importer(815301076,1909f56bfc062723c751e8b465ee728b)
Start importing Assets/FastNoise Unity/FastNoise/FastNoiseMeshWarp.cs using Guid(30f05adc8d70f9b4e8a058b6c1c8aae8) Importer(815301076,1909f56bfc062723c751e8b465ee728b)  -> (artifact id: '6dcc07242ed17d8a6ca6e36565a68139') in 0.013804 seconds 
========================================================================
Received Import Request.
  Time since last request: 0.803019 seconds.
  path: Assets/FastNoise Unity/FastNoise/FastNoiseUnity.cs
  artifactKey: Guid(4769e140e33119d42aff1561d9dd7ca1) Importer(815301076,1909f56bfc062723c751e8b465ee728b)
Start importing Assets/FastNoise Unity/FastNoise/FastNoiseUnity.cs using Guid(4769e140e33119d42aff1561d9dd7ca1) Importer(815301076,1909f56bfc062723c751e8b465ee728b)  -> (artifact id: 'bb06f67f2be665eb3244aa9d16ca6ec8') in 0.005856 seconds 
========================================================================
Received Import Request.
  Time since last request: 0.767651 seconds.
  path: Assets/FastNoise Unity/FastNoise/FastNoise.cs
  artifactKey: Guid(2c59919aee3c6e844be9a8a5f7be1e4a) Importer(815301076,1909f56bfc062723c751e8b465ee728b)
Start importing Assets/FastNoise Unity/FastNoise/FastNoise.cs using Guid(2c59919aee3c6e844be9a8a5f7be1e4a) Importer(815301076,1909f56bfc062723c751e8b465ee728b)  -> (artifact id: 'f140bfaa9367bca6765f6e45f2dfcb39') in 0.001673 seconds 
